The system is: Windows - 10.0.17134 - AMD64
Compiling the C compiler identification source file "CMakeCCompilerId.c" succeeded.
Compiler: C:/Program Files (x86)/Microsoft Visual Studio/2019/Community/VC/Tools/MSVC/14.23.28105/bin/Hostx64/x64/cl.exe 
Build flags: 
Id flags:  

The output was:
0
用于 x64 的 Microsoft (R) C/C++ 优化编译器 19.23.28106.4 版
版权所有(C) Microsoft Corporation。保留所有权利。

CMakeCCompilerId.c
Microsoft (R) Incremental Linker Version 14.23.28106.4
Copyright (C) Microsoft Corporation.  All rights reserved.

/out:CMakeCCompilerId.exe 
CMakeCCompilerId.obj 


Compilation of the C compiler identification source "CMakeCCompilerId.c" produced "CMakeCCompilerId.exe"

Compilation of the C compiler identification source "CMakeCCompilerId.c" produced "CMakeCCompilerId.obj"

The C compiler identification is MSVC, found in "F:/图形/大作业/2017153040_吴嘉鸿_源码/2017153040_吴嘉鸿_源代码/build/CMakeFiles/3.15.3/CompilerIdC/CMakeCCompilerId.exe"

Compiling the CXX compiler identification source file "CMakeCXXCompilerId.cpp" succeeded.
Compiler: C:/Program Files (x86)/Microsoft Visual Studio/2019/Community/VC/Tools/MSVC/14.23.28105/bin/Hostx64/x64/cl.exe 
Build flags: 
Id flags:  

The output was:
0
用于 x64 的 Microsoft (R) C/C++ 优化编译器 19.23.28106.4 版
版权所有(C) Microsoft Corporation。保留所有权利。

CMakeCXXCompilerId.cpp
Microsoft (R) Incremental Linker Version 14.23.28106.4
Copyright (C) Microsoft Corporation.  All rights reserved.

/out:CMakeCXXCompilerId.exe 
CMakeCXXCompilerId.obj 


Compilation of the CXX compiler identification source "CMakeCXXCompilerId.cpp" produced "CMakeCXXCompilerId.exe"

Compilation of the CXX compiler identification source "CMakeCXXCompilerId.cpp" produced "CMakeCXXCompilerId.obj"

The CXX compiler identification is MSVC, found in "F:/图形/大作业/2017153040_吴嘉鸿_源码/2017153040_吴嘉鸿_源代码/build/CMakeFiles/3.15.3/CompilerIdCXX/CMakeCXXCompilerId.exe"

Determining if the C compiler works passed with the following output:
Change Dir: F:/图形/大作业/2017153040_吴嘉鸿_源码/2017153040_吴嘉鸿_源代码/build/CMakeFiles/CMakeTmp

Run Build Command(s):C:/PROGRA~2/MICROS~1/2019/COMMUN~1/Common7/IDE/COMMON~1/MICROS~1/CMake/Ninja/ninja.exe cmTC_f7e87 && [1/2] Building C object CMakeFiles\cmTC_f7e87.dir\testCCompiler.c.obj
[2/2] Linking C executable cmTC_f7e87.exe



Detecting C compiler ABI info compiled with the following output:
Change Dir: F:/图形/大作业/2017153040_吴嘉鸿_源码/2017153040_吴嘉鸿_源代码/build/CMakeFiles/CMakeTmp

Run Build Command(s):C:/PROGRA~2/MICROS~1/2019/COMMUN~1/Common7/IDE/COMMON~1/MICROS~1/CMake/Ninja/ninja.exe cmTC_aa20e && [1/2] Building C object CMakeFiles\cmTC_aa20e.dir\CMakeCCompilerABI.c.obj
[2/2] Linking C executable cmTC_aa20e.exe



Determining if the CXX compiler works passed with the following output:
Change Dir: F:/图形/大作业/2017153040_吴嘉鸿_源码/2017153040_吴嘉鸿_源代码/build/CMakeFiles/CMakeTmp

Run Build Command(s):C:/PROGRA~2/MICROS~1/2019/COMMUN~1/Common7/IDE/COMMON~1/MICROS~1/CMake/Ninja/ninja.exe cmTC_d05c5 && [1/2] Building CXX object CMakeFiles\cmTC_d05c5.dir\testCXXCompiler.cxx.obj
[2/2] Linking CXX executable cmTC_d05c5.exe



Detecting CXX compiler ABI info compiled with the following output:
Change Dir: F:/图形/大作业/2017153040_吴嘉鸿_源码/2017153040_吴嘉鸿_源代码/build/CMakeFiles/CMakeTmp

Run Build Command(s):C:/PROGRA~2/MICROS~1/2019/COMMUN~1/Common7/IDE/COMMON~1/MICROS~1/CMake/Ninja/ninja.exe cmTC_e23b5 && [1/2] Building CXX object CMakeFiles\cmTC_e23b5.dir\CMakeCXXCompilerABI.cpp.obj
[2/2] Linking CXX executable cmTC_e23b5.exe



